0 info it worked if it ends with ok
1 verbose cli [ '/usr/bin/node', '/usr/bin/npm', 'install', 'http-server' ]
2 info using npm@1.4.3
3 info using node@v0.10.26
4 verbose node symlink /usr/bin/node
5 warn package.json myProject@0.0.0 No repository field.
6 warn package.json myProject@0.0.0 No README data
7 verbose readDependencies using package.json deps
8 verbose cache add [ 'http-server', null ]
9 verbose cache add name=undefined spec="http-server" args=["http-server",null]
10 verbose parsed url { protocol: null,
10 verbose parsed url   slashes: null,
10 verbose parsed url   auth: null,
10 verbose parsed url   host: null,
10 verbose parsed url   port: null,
10 verbose parsed url   hostname: null,
10 verbose parsed url   hash: null,
10 verbose parsed url   search: null,
10 verbose parsed url   query: null,
10 verbose parsed url   pathname: 'http-server',
10 verbose parsed url   path: 'http-server',
10 verbose parsed url   href: 'http-server' }
11 silly lockFile ed608307-http-server http-server
12 verbose lock http-server /home/opaucara/.npm/ed608307-http-server.lock
13 silly lockFile ed608307-http-server http-server
14 silly lockFile ed608307-http-server http-server
15 verbose addNamed [ 'http-server', '' ]
16 verbose addNamed [ null, '*' ]
17 silly lockFile 550353c6-http-server http-server@
18 verbose lock http-server@ /home/opaucara/.npm/550353c6-http-server.lock
19 silly addNameRange { name: 'http-server', range: '*', hasData: false }
20 verbose url raw http-server
21 verbose url resolving [ 'https://registry.npmjs.org/', './http-server' ]
22 verbose url resolved https://registry.npmjs.org/http-server
23 info trying registry request attempt 1 at 15:30:06
24 http GET https://registry.npmjs.org/http-server
25 http 200 https://registry.npmjs.org/http-server
26 silly registry.get cb [ 200,
26 silly registry.get   { date: 'Mon, 09 Jun 2014 18:30:07 GMT',
26 silly registry.get     server: 'CouchDB/1.5.0 (Erlang OTP/R14B04)',
26 silly registry.get     etag: '"54RXOLAV6MGI7W2K7P113LU9N"',
26 silly registry.get     'content-type': 'application/json',
26 silly registry.get     via: '1.1 varnish',
26 silly registry.get     'cache-control': 'max-age=1',
26 silly registry.get     'content-length': '42452',
26 silly registry.get     'accept-ranges': 'bytes',
26 silly registry.get     age: '526',
26 silly registry.get     'x-served-by': 'cache-sv61-SJC3, cache-iad2125-IAD',
26 silly registry.get     'x-cache': 'HIT, MISS',
26 silly registry.get     'x-cache-hits': '1, 0',
26 silly registry.get     'x-timer': 'S1402338607.449694,VS0,VE106',
26 silly registry.get     vary: 'Accept',
26 silly registry.get     'keep-alive': 'timeout=10, max=50',
26 silly registry.get     connection: 'Keep-Alive' } ]
27 silly addNameRange number 2 { name: 'http-server', range: '*', hasData: true }
28 silly addNameRange versions [ 'http-server',
28 silly addNameRange   [ '0.1.0',
28 silly addNameRange     '0.1.1',
28 silly addNameRange     '0.1.3',
28 silly addNameRange     '0.2.1',
28 silly addNameRange     '0.2.2',
28 silly addNameRange     '0.2.3',
28 silly addNameRange     '0.2.4',
28 silly addNameRange     '0.2.5',
28 silly addNameRange     '0.2.6',
28 silly addNameRange     '0.2.9',
28 silly addNameRange     '0.3.0',
28 silly addNameRange     '0.4.0',
28 silly addNameRange     '0.4.1',
28 silly addNameRange     '0.5.0',
28 silly addNameRange     '0.5.1',
28 silly addNameRange     '0.5.2',
28 silly addNameRange     '0.5.3',
28 silly addNameRange     '0.5.5',
28 silly addNameRange     '0.6.0',
28 silly addNameRange     '0.6.1' ] ]
29 verbose addNamed [ 'http-server', '0.6.1' ]
30 verbose addNamed [ '0.6.1', '0.6.1' ]
31 silly lockFile 1e2b2518-http-server-0-6-1 http-server@0.6.1
32 verbose lock http-server@0.6.1 /home/opaucara/.npm/1e2b2518-http-server-0-6-1.lock
33 silly lockFile c3f4b4b6-ttp-server-http-server-0-6-1-tgz https://registry.npmjs.org/http-server/-/http-server-0.6.1.tgz
34 verbose lock https://registry.npmjs.org/http-server/-/http-server-0.6.1.tgz /home/opaucara/.npm/c3f4b4b6-ttp-server-http-server-0-6-1-tgz.lock
35 verbose addRemoteTarball [ 'https://registry.npmjs.org/http-server/-/http-server-0.6.1.tgz',
35 verbose addRemoteTarball   '06fce65cf2bd4132a578bdac62ffacb97d613981' ]
36 silly lockFile c3f4b4b6-ttp-server-http-server-0-6-1-tgz https://registry.npmjs.org/http-server/-/http-server-0.6.1.tgz
37 silly lockFile c3f4b4b6-ttp-server-http-server-0-6-1-tgz https://registry.npmjs.org/http-server/-/http-server-0.6.1.tgz
38 silly lockFile 1e2b2518-http-server-0-6-1 http-server@0.6.1
39 silly lockFile 1e2b2518-http-server-0-6-1 http-server@0.6.1
40 silly lockFile 550353c6-http-server http-server@
41 silly lockFile 550353c6-http-server http-server@
42 error Error: EACCES, mkdir '/home/opaucara/tmp/npm-10668-xWyO__fT'
42 error  { [Error: EACCES, mkdir '/home/opaucara/tmp/npm-10668-xWyO__fT']
42 error   errno: 3,
42 error   code: 'EACCES',
42 error   path: '/home/opaucara/tmp/npm-10668-xWyO__fT',
42 error   parent: 'myProject' }
43 error Please try running this command again as root/Administrator.
44 error System Linux 3.5.0-23-generic
45 error command "/usr/bin/node" "/usr/bin/npm" "install" "http-server"
46 error cwd /home/opaucara/Desktop/testArea/myProject
47 error node -v v0.10.26
48 error npm -v 1.4.3
49 error path /home/opaucara/tmp/npm-10668-xWyO__fT
50 error code EACCES
51 error errno 3
52 error stack Error: EACCES, mkdir '/home/opaucara/tmp/npm-10668-xWyO__fT'
53 verbose exit [ 3, true ]
